# JRE version: OpenJDK Runtime Environment (7.0_85-b01) (build 1.7.0_85-b01)
# Java VM: OpenJDK 64-Bit Server VM (24.85-b03 mixed mode linux-amd64 compressed oops)
Heap
 PSYoungGen      total 129024K, used 4480K [0x00000000ec480000, 0x00000000f4880000, 0x0000000100000000)
  eden space 122880K, 0% used [0x00000000ec480000,0x00000000ec480000,0x00000000f3c80000)
  from space 6144K, 72% used [0x00000000f3c80000,0x00000000f40e0020,0x00000000f4280000)
  to   space 6144K, 0% used [0x00000000f4280000,0x00000000f4280000,0x00000000f4880000)
 ParOldGen       total 39936K, used 7626K [0x00000000c4e00000, 0x00000000c7500000, 0x00000000ec480000)
  object space 39936K, 19% used [0x00000000c4e00000,0x00000000c5572b58,0x00000000c7500000)
 PSPermGen       total 21504K, used 15961K [0x00000000ba800000, 0x00000000bbd00000, 0x00000000c4e00000)
  object space 21504K, 74% used [0x00000000ba800000,0x00000000bb7965a0,0x00000000bbd00000)
GC Heap History (10 events):
Event: 13.810 GC heap after
Heap after GC invocations=2 (full 0):
 PSYoungGen      total 33280K, used 2544K [0x00000000ec480000, 0x00000000ee780000, 0x0000000100000000)
  eden space 30720K, 0% used [0x00000000ec480000,0x00000000ec480000,0x00000000ee280000)
  from space 2560K, 99% used [0x00000000ee500000,0x00000000ee77c228,0x00000000ee780000)
  to   space 2560K, 0% used [0x00000000ee280000,0x00000000ee280000,0x00000000ee500000)
 ParOldGen       total 39936K, used 189K [0x00000000c4e00000, 0x00000000c7500000, 0x00000000ec480000)
  object space 39936K, 0% used [0x00000000c4e00000,0x00000000c4e2f700,0x00000000c7500000)
 PSPermGen       total 21504K, used 6679K [0x00000000ba800000, 0x00000000bbd00000, 0x00000000c4e00000)
  object space 21504K, 31% used [0x00000000ba800000,0x00000000bae85c68,0x00000000bbd00000)
}
Event: 14.604 GC heap before
{Heap before GC invocations=3 (full 0):
 PSYoungGen      total 33280K, used 33264K [0x00000000ec480000, 0x00000000ee780000, 0x0000000100000000)
  eden space 30720K, 100% used [0x00000000ec480000,0x00000000ee280000,0x00000000ee280000)
  from space 2560K, 99% used [0x00000000ee500000,0x00000000ee77c228,0x00000000ee780000)
  to   space 2560K, 0% used [0x00000000ee280000,0x00000000ee280000,0x00000000ee500000)
 ParOldGen       total 39936K, used 189K [0x00000000c4e00000, 0x00000000c7500000, 0x00000000ec480000)
  object space 39936K, 0% used [0x00000000c4e00000,0x00000000c4e2f700,0x00000000c7500000)
 PSPermGen       total 21504K, used 9406K [0x00000000ba800000, 0x00000000bbd00000, 0x00000000c4e00000)
  object space 21504K, 43% used [0x00000000ba800000,0x00000000bb12fa08,0x00000000bbd00000)
Event: 14.612 GC heap after
Heap after GC invocations=3 (full 0):
 PSYoungGen      total 33280K, used 2550K [0x00000000ec480000, 0x00000000f0580000, 0x0000000100000000)
  eden space 30720K, 0% used [0x00000000ec480000,0x00000000ec480000,0x00000000ee280000)
  from space 2560K, 99% used [0x00000000ee280000,0x00000000ee4fdb18,0x00000000ee500000)
  to   space 2560K, 0% used [0x00000000f0300000,0x00000000f0300000,0x00000000f0580000)
 ParOldGen       total 39936K, used 1830K [0x00000000c4e00000, 0x00000000c7500000, 0x00000000ec480000)
  object space 39936K, 4% used [0x00000000c4e00000,0x00000000c4fc9998,0x00000000c7500000)
 PSPermGen       total 21504K, used 9406K [0x00000000ba800000, 0x00000000bbd00000, 0x00000000c4e00000)
  object space 21504K, 43% used [0x00000000ba800000,0x00000000bb12fa08,0x00000000bbd00000)
}
Event: 16.264 GC heap before
{Heap before GC invocations=4 (full 0):
 PSYoungGen      total 33280K, used 33270K [0x00000000ec480000, 0x00000000f0580000, 0x0000000100000000)
  eden space 30720K, 100% used [0x00000000ec480000,0x00000000ee280000,0x00000000ee280000)
  from space 2560K, 99% used [0x00000000ee280000,0x00000000ee4fdb18,0x00000000ee500000)
  to   space 2560K, 0% used [0x00000000f0300000,0x00000000f0300000,0x00000000f0580000)
 ParOldGen       total 39936K, used 1830K [0x00000000c4e00000, 0x00000000c7500000, 0x00000000ec480000)
  object space 39936K, 4% used [0x00000000c4e00000,0x00000000c4fc9998,0x00000000c7500000)
 PSPermGen       total 21504K, used 11145K [0x00000000ba800000, 0x00000000bbd00000, 0x00000000c4e00000)
  object space 21504K, 51% used [0x00000000ba800000,0x00000000bb2e26d0,0x00000000bbd00000)
Event: 16.277 GC heap after
Heap after GC invocations=4 (full 0):
 PSYoungGen      total 64000K, used 2550K [0x00000000ec480000, 0x00000000f0580000, 0x0000000100000000)
  eden space 61440K, 0% used [0x00000000ec480000,0x00000000ec480000,0x00000000f0080000)
  from space 2560K, 99% used [0x00000000f0300000,0x00000000f057db18,0x00000000f0580000)
  to   space 2560K, 0% used [0x00000000f0080000,0x00000000f0080000,0x00000000f0300000)
 ParOldGen       total 39936K, used 3913K [0x00000000c4e00000, 0x00000000c7500000, 0x00000000ec480000)
  object space 39936K, 9% used [0x00000000c4e00000,0x00000000c51d2578,0x00000000c7500000)
 PSPermGen       total 21504K, used 11145K [0x00000000ba800000, 0x00000000bbd00000, 0x00000000c4e00000)
  object space 21504K, 51% used [0x00000000ba800000,0x00000000bb2e26d0,0x00000000bbd00000)
}
Event: 17.069 GC heap before
{Heap before GC invocations=5 (full 0):
 PSYoungGen      total 64000K, used 63990K [0x00000000ec480000, 0x00000000f0580000, 0x0000000100000000)
  eden space 61440K, 100% used [0x00000000ec480000,0x00000000f0080000,0x00000000f0080000)
  from space 2560K, 99% used [0x00000000f0300000,0x00000000f057db18,0x00000000f0580000)
  to   space 2560K, 0% used [0x00000000f0080000,0x00000000f0080000,0x00000000f0300000)
 ParOldGen       total 39936K, used 3913K [0x00000000c4e00000, 0x00000000c7500000, 0x00000000ec480000)
  object space 39936K, 9% used [0x00000000c4e00000,0x00000000c51d2578,0x00000000c7500000)
 PSPermGen       total 21504K, used 13985K [0x00000000ba800000, 0x00000000bbd00000, 0x00000000c4e00000)
  object space 21504K, 65% used [0x00000000ba800000,0x00000000bb5a86e0,0x00000000bbd00000)
Event: 17.288 GC heap after
Heap after GC invocations=5 (full 0):
 PSYoungGen      total 64000K, used 2560K [0x00000000ec480000, 0x00000000f4880000, 0x0000000100000000)
  eden space 61440K, 0% used [0x00000000ec480000,0x00000000ec480000,0x00000000f0080000)
  from space 2560K, 100% used [0x00000000f0080000,0x00000000f0300000,0x00000000f0300000)
  to   space 6144K, 0% used [0x00000000f4280000,0x00000000f4280000,0x00000000f4880000)
 ParOldGen       total 39936K, used 6589K [0x00000000c4e00000, 0x00000000c7500000, 0x00000000ec480000)
  object space 39936K, 16% used [0x00000000c4e00000,0x00000000c546f500,0x00000000c7500000)
 PSPermGen       total 21504K, used 13985K [0x00000000ba800000, 0x00000000bbd00000, 0x00000000c4e00000)
  object space 21504K, 65% used [0x00000000ba800000,0x00000000bb5a86e0,0x00000000bbd00000)
}
Event: 19.517 GC heap before
{Heap before GC invocations=6 (full 0):
 PSYoungGen      total 64000K, used 64000K [0x00000000ec480000, 0x00000000f4880000, 0x0000000100000000)
  eden space 61440K, 100% used [0x00000000ec480000,0x00000000f0080000,0x00000000f0080000)
  from space 2560K, 100% used [0x00000000f0080000,0x00000000f0300000,0x00000000f0300000)
  to   space 6144K, 0% used [0x00000000f4280000,0x00000000f4280000,0x00000000f4880000)
 ParOldGen       total 39936K, used 6589K [0x00000000c4e00000, 0x00000000c7500000, 0x00000000ec480000)
  object space 39936K, 16% used [0x00000000c4e00000,0x00000000c546f500,0x00000000c7500000)
 PSPermGen       total 21504K, used 15567K [0x00000000ba800000, 0x00000000bbd00000, 0x00000000c4e00000)
  object space 21504K, 72% used [0x00000000ba800000,0x00000000bb733f60,0x00000000bbd00000)
Event: 19.532 GC heap after
Heap after GC invocations=6 (full 0):
 PSYoungGen      total 129024K, used 4055K [0x00000000ec480000, 0x00000000f4880000, 0x0000000100000000)
  eden space 122880K, 0% used [0x00000000ec480000,0x00000000ec480000,0x00000000f3c80000)
  from space 6144K, 66% used [0x00000000f4280000,0x00000000f4675cf8,0x00000000f4880000)
  to   space 6144K, 0% used [0x00000000f3c80000,0x00000000f3c80000,0x00000000f4280000)
 ParOldGen       total 39936K, used 6597K [0x00000000c4e00000, 0x00000000c7500000, 0x00000000ec480000)
  object space 39936K, 16% used [0x00000000c4e00000,0x00000000c5471500,0x00000000c7500000)
 PSPermGen       total 21504K, used 15567K [0x00000000ba800000, 0x00000000bbd00000, 0x00000000c4e00000)
  object space 21504K, 72% used [0x00000000ba800000,0x00000000bb733f60,0x00000000bbd00000)
}
Event: 20.370 GC heap before
{Heap before GC invocations=7 (full 0):
 PSYoungGen      total 129024K, used 126935K [0x00000000ec480000, 0x00000000f4880000, 0x0000000100000000)
  eden space 122880K, 100% used [0x00000000ec480000,0x00000000f3c80000,0x00000000f3c80000)
  from space 6144K, 66% used [0x00000000f4280000,0x00000000f4675cf8,0x00000000f4880000)
  to   space 6144K, 0% used [0x00000000f3c80000,0x00000000f3c80000,0x00000000f4280000)
 ParOldGen       total 39936K, used 6597K [0x00000000c4e00000, 0x00000000c7500000, 0x00000000ec480000)
  object space 39936K, 16% used [0x00000000c4e00000,0x00000000c5471500,0x00000000c7500000)
 PSPermGen       total 21504K, used 15961K [0x00000000ba800000, 0x00000000bbd00000, 0x00000000c4e00000)
  object space 21504K, 74% used [0x00000000ba800000,0x00000000bb7965a0,0x00000000bbd00000)

